c:\users\lee\pingponggame\player2\x64\debug\vc143.pdb
c:\users\lee\pingponggame\player2\x64\debug\vc143.idb
c:\users\lee\pingponggame\player2\x64\debug\player.obj
c:\users\lee\pingponggame\player2\x64\debug\network.obj
c:\users\lee\pingponggame\player2\x64\debug\main.obj
c:\users\lee\pingponggame\player2\x64\debug\game.obj
c:\users\lee\pingponggame\player2\x64\debug\enemy.obj
c:\users\lee\pingponggame\player2\x64\debug\ball.obj
c:\users\lee\pingponggame\pingpong\x64\debug\player2.exe
c:\users\lee\pingponggame\pingpong\x64\debug\player2.pdb
c:\users\lee\pingponggame\pingpong\x64\debug\raylib.dll
c:\users\lee\pingponggame\player2\x64\debug\player2.ilk
c:\users\lee\pingponggame\player2\x64\debug\player2.tlog\cl.command.1.tlog
c:\users\lee\pingponggame\player2\x64\debug\player2.tlog\cl.items.tlog
c:\users\lee\pingponggame\player2\x64\debug\player2.tlog\cl.read.1.tlog
c:\users\lee\pingponggame\player2\x64\debug\player2.tlog\cl.write.1.tlog
c:\users\lee\pingponggame\player2\x64\debug\player2.tlog\link.command.1.tlog
c:\users\lee\pingponggame\player2\x64\debug\player2.tlog\link.read.1.tlog
c:\users\lee\pingponggame\player2\x64\debug\player2.tlog\link.secondary.1.tlog
c:\users\lee\pingponggame\player2\x64\debug\player2.tlog\link.write.1.tlog
c:\users\lee\pingponggame\player2\x64\debug\player2.tlog\player2.write.1u.tlog
